versions pytest-7.1.3, python-3.10.2.final.0
cwd=C:\Users\urikb\Desktop\qa_projects\cenpp_project
args=('-s', '-v', '--browser=firefox', '--demo', '--debug')

  pytest_cmdline_main [hook]
      config: <_pytest.config.Config object at 0x0000018D6E0DE770>
    pytest_plugin_registered [hook]
        plugin: <Session cenpp_project exitstatus='<UNSET>' testsfailed=0 testscollected=0>
        manager: <_pytest.config.PytestPluginManager object at 0x0000018D6CF6E3B0>
    finish pytest_plugin_registered --> [] [hook]
    pytest_configure [hook]
        config: <_pytest.config.Config object at 0x0000018D6E0DE770>
      pytest_metadata [hook]
          metadata: {'Python': '3.10.2', 'Platform': 'Windows-10-10.0.19044-SP0', 'Packages': {'pytest': '7.1.3', 'py': '1.11.0', 'pluggy': '1.0.0'}, 'Plugins': {'forked': '1.4.0', 'html': '2.0.1', 'metadata': '2.0.2', 'ordering': '0.6', 'rerunfailures': '10.2', 'xdist': '2.5.0', 'seleniumbase': '4.4.2'}, 'JAVA_HOME': 'D:\\openjdk-15+36_windows-x64_bin\\jdk-15'}
      finish pytest_metadata --> [] [hook]
      pytest_plugin_registered [hook]
          plugin: <_pytest.cacheprovider.LFPlugin object at 0x0000018D6E1D0910>
          manager: <_pytest.config.PytestPluginManager object at 0x0000018D6CF6E3B0>
      finish pytest_plugin_registered --> [] [hook]
      pytest_plugin_registered [hook]
          plugin: <_pytest.cacheprovider.NFPlugin object at 0x0000018D73D44F40>
          manager: <_pytest.config.PytestPluginManager object at 0x0000018D6CF6E3B0>
      finish pytest_plugin_registered --> [] [hook]
    early skip of rewriting module: faulthandler [assertion]
      pytest_plugin_registered [hook]
          plugin: <class '_pytest.legacypath.LegacyTmpdirPlugin'>
          manager: <_pytest.config.PytestPluginManager object at 0x0000018D6CF6E3B0>
      finish pytest_plugin_registered --> [] [hook]
    early skip of rewriting module: pdb [assertion]
    early skip of rewriting module: cmd [assertion]
    early skip of rewriting module: code [assertion]
    early skip of rewriting module: codeop [assertion]
      pytest_plugin_registered [hook]
          plugin: <_pytest.config.PytestPluginManager object at 0x0000018D6CF6E3B0>
          manager: <_pytest.config.PytestPluginManager object at 0x0000018D6CF6E3B0>
      finish pytest_plugin_registered --> [] [hook]
      pytest_plugin_registered [hook]
          plugin: <_pytest.config.Config object at 0x0000018D6E0DE770>
          manager: <_pytest.config.PytestPluginManager object at 0x0000018D6CF6E3B0>
      finish pytest_plugin_registered --> [] [hook]
      pytest_plugin_registered [hook]
          plugin: <module '_pytest.mark' from 'C:\\Users\\urikb\\Desktop\\qa_projects\\cenpp_project-dDIndagJ\\lib\\site-packages\\_pytest\\mark\\__init__.py'>
          manager: <_pytest.config.PytestPluginManager object at 0x0000018D6CF6E3B0>
      finish pytest_plugin_registered --> [] [hook]
      pytest_plugin_registered [hook]
          plugin: <module '_pytest.main' from 'C:\\Users\\urikb\\Desktop\\qa_projects\\cenpp_project-dDIndagJ\\lib\\site-packages\\_pytest\\main.py'>
          manager: <_pytest.config.PytestPluginManager object at 0x0000018D6CF6E3B0>
      finish pytest_plugin_registered --> [] [hook]
      pytest_plugin_registered [hook]
          plugin: <module '_pytest.runner' from 'C:\\Users\\urikb\\Desktop\\qa_projects\\cenpp_project-dDIndagJ\\lib\\site-packages\\_pytest\\runner.py'>
          manager: <_pytest.config.PytestPluginManager object at 0x0000018D6CF6E3B0>
      finish pytest_plugin_registered --> [] [hook]
      pytest_plugin_registered [hook]
          plugin: <module '_pytest.fixtures' from 'C:\\Users\\urikb\\Desktop\\qa_projects\\cenpp_project-dDIndagJ\\lib\\site-packages\\_pytest\\fixtures.py'>
          manager: <_pytest.config.PytestPluginManager object at 0x0000018D6CF6E3B0>
      finish pytest_plugin_registered --> [] [hook]
      pytest_plugin_registered [hook]
          plugin: <module '_pytest.helpconfig' from 'C:\\Users\\urikb\\Desktop\\qa_projects\\cenpp_project-dDIndagJ\\lib\\site-packages\\_pytest\\helpconfig.py'>
          manager: <_pytest.config.PytestPluginManager object at 0x0000018D6CF6E3B0>
      finish pytest_plugin_registered --> [] [hook]
      pytest_plugin_registered [hook]
          plugin: <module '_pytest.python' from 'C:\\Users\\urikb\\Desktop\\qa_projects\\cenpp_project-dDIndagJ\\lib\\site-packages\\_pytest\\python.py'>
          manager: <_pytest.config.PytestPluginManager object at 0x0000018D6CF6E3B0>
      finish pytest_plugin_registered --> [] [hook]
      pytest_plugin_registered [hook]
          plugin: <module '_pytest.terminal' from 'C:\\Users\\urikb\\Desktop\\qa_projects\\cenpp_project-dDIndagJ\\lib\\site-packages\\_pytest\\terminal.py'>
          manager: <_pytest.config.PytestPluginManager object at 0x0000018D6CF6E3B0>
      finish pytest_plugin_registered --> [] [hook]
      pytest_plugin_registered [hook]
          plugin: <module '_pytest.debugging' from 'C:\\Users\\urikb\\Desktop\\qa_projects\\cenpp_project-dDIndagJ\\lib\\site-packages\\_pytest\\debugging.py'>
          manager: <_pytest.config.PytestPluginManager object at 0x0000018D6CF6E3B0>
      finish pytest_plugin_registered --> [] [hook]
      pytest_plugin_registered [hook]
          plugin: <module '_pytest.unittest' from 'C:\\Users\\urikb\\Desktop\\qa_projects\\cenpp_project-dDIndagJ\\lib\\site-packages\\_pytest\\unittest.py'>
          manager: <_pytest.config.PytestPluginManager object at 0x0000018D6CF6E3B0>
      finish pytest_plugin_registered --> [] [hook]
      pytest_plugin_registered [hook]
          plugin: <module '_pytest.capture' from 'C:\\Users\\urikb\\Desktop\\qa_projects\\cenpp_project-dDIndagJ\\lib\\site-packages\\_pytest\\capture.py'>
          manager: <_pytest.config.PytestPluginManager object at 0x0000018D6CF6E3B0>
      finish pytest_plugin_registered --> [] [hook]
      pytest_plugin_registered [hook]
          plugin: <module '_pytest.skipping' from 'C:\\Users\\urikb\\Desktop\\qa_projects\\cenpp_project-dDIndagJ\\lib\\site-packages\\_pytest\\skipping.py'>
          manager: <_pytest.config.PytestPluginManager object at 0x0000018D6CF6E3B0>
      finish pytest_plugin_registered --> [] [hook]
      pytest_plugin_registered [hook]
          plugin: <module '_pytest.legacypath' from 'C:\\Users\\urikb\\Desktop\\qa_projects\\cenpp_project-dDIndagJ\\lib\\site-packages\\_pytest\\legacypath.py'>
          manager: <_pytest.config.PytestPluginManager object at 0x0000018D6CF6E3B0>
      finish pytest_plugin_registered --> [] [hook]
      pytest_plugin_registered [hook]
          plugin: <module '_pytest.tmpdir' from 'C:\\Users\\urikb\\Desktop\\qa_projects\\cenpp_project-dDIndagJ\\lib\\site-packages\\_pytest\\tmpdir.py'>
          manager: <_pytest.config.PytestPluginManager object at 0x0000018D6CF6E3B0>
      finish pytest_plugin_registered --> [] [hook]
      pytest_plugin_registered [hook]
          plugin: <module '_pytest.monkeypatch' from 'C:\\Users\\urikb\\Desktop\\qa_projects\\cenpp_project-dDIndagJ\\lib\\site-packages\\_pytest\\monkeypatch.py'>
          manager: <_pytest.config.PytestPluginManager object at 0x0000018D6CF6E3B0>
      finish pytest_plugin_registered --> [] [hook]
      pytest_plugin_registered [hook]
          plugin: <module '_pytest.recwarn' from 'C:\\Users\\urikb\\Desktop\\qa_projects\\cenpp_project-dDIndagJ\\lib\\site-packages\\_pytest\\recwarn.py'>
          manager: <_pytest.config.PytestPluginManager object at 0x0000018D6CF6E3B0>
      finish pytest_plugin_registered --> [] [hook]
      pytest_plugin_registered [hook]
          plugin: <module '_pytest.pastebin' from 'C:\\Users\\urikb\\Desktop\\qa_projects\\cenpp_project-dDIndagJ\\lib\\site-packages\\_pytest\\pastebin.py'>
          manager: <_pytest.config.PytestPluginManager object at 0x0000018D6CF6E3B0>
      finish pytest_plugin_registered --> [] [hook]
      pytest_plugin_registered [hook]
          plugin: <module '_pytest.nose' from 'C:\\Users\\urikb\\Desktop\\qa_projects\\cenpp_project-dDIndagJ\\lib\\site-packages\\_pytest\\nose.py'>
          manager: <_pytest.config.PytestPluginManager object at 0x0000018D6CF6E3B0>
      finish pytest_plugin_registered --> [] [hook]
      pytest_plugin_registered [hook]
          plugin: <module '_pytest.assertion' from 'C:\\Users\\urikb\\Desktop\\qa_projects\\cenpp_project-dDIndagJ\\lib\\site-packages\\_pytest\\assertion\\__init__.py'>
          manager: <_pytest.config.PytestPluginManager object at 0x0000018D6CF6E3B0>
      finish pytest_plugin_registered --> [] [hook]
      pytest_plugin_registered [hook]
          plugin: <module '_pytest.junitxml' from 'C:\\Users\\urikb\\Desktop\\qa_projects\\cenpp_project-dDIndagJ\\lib\\site-packages\\_pytest\\junitxml.py'>
          manager: <_pytest.config.PytestPluginManager object at 0x0000018D6CF6E3B0>
      finish pytest_plugin_registered --> [] [hook]
      pytest_plugin_registered [hook]
          plugin: <module '_pytest.doctest' from 'C:\\Users\\urikb\\Desktop\\qa_projects\\cenpp_project-dDIndagJ\\lib\\site-packages\\_pytest\\doctest.py'>
          manager: <_pytest.config.PytestPluginManager object at 0x0000018D6CF6E3B0>
      finish pytest_plugin_registered --> [] [hook]
      pytest_plugin_registered [hook]
          plugin: <module '_pytest.cacheprovider' from 'C:\\Users\\urikb\\Desktop\\qa_projects\\cenpp_project-dDIndagJ\\lib\\site-packages\\_pytest\\cacheprovider.py'>
          manager: <_pytest.config.PytestPluginManager object at 0x0000018D6CF6E3B0>
      finish pytest_plugin_registered --> [] [hook]
      pytest_plugin_registered [hook]
          plugin: <module '_pytest.freeze_support' from 'C:\\Users\\urikb\\Desktop\\qa_projects\\cenpp_project-dDIndagJ\\lib\\site-packages\\_pytest\\freeze_support.py'>
          manager: <_pytest.config.PytestPluginManager object at 0x0000018D6CF6E3B0>
      finish pytest_plugin_registered --> [] [hook]
      pytest_plugin_registered [hook]
          plugin: <module '_pytest.setuponly' from 'C:\\Users\\urikb\\Desktop\\qa_projects\\cenpp_project-dDIndagJ\\lib\\site-packages\\_pytest\\setuponly.py'>
          manager: <_pytest.config.PytestPluginManager object at 0x0000018D6CF6E3B0>
      finish pytest_plugin_registered --> [] [hook]
      pytest_plugin_registered [hook]
          plugin: <module '_pytest.setupplan' from 'C:\\Users\\urikb\\Desktop\\qa_projects\\cenpp_project-dDIndagJ\\lib\\site-packages\\_pytest\\setupplan.py'>
          manager: <_pytest.config.PytestPluginManager object at 0x0000018D6CF6E3B0>
      finish pytest_plugin_registered --> [] [hook]
      pytest_plugin_registered [hook]
          plugin: <module '_pytest.stepwise' from 'C:\\Users\\urikb\\Desktop\\qa_projects\\cenpp_project-dDIndagJ\\lib\\site-packages\\_pytest\\stepwise.py'>
          manager: <_pytest.config.PytestPluginManager object at 0x0000018D6CF6E3B0>
      finish pytest_plugin_registered --> [] [hook]
      pytest_plugin_registered [hook]
          plugin: <module '_pytest.warnings' from 'C:\\Users\\urikb\\Desktop\\qa_projects\\cenpp_project-dDIndagJ\\lib\\site-packages\\_pytest\\warnings.py'>
          manager: <_pytest.config.PytestPluginManager object at 0x0000018D6CF6E3B0>
      finish pytest_plugin_registered --> [] [hook]
      pytest_plugin_registered [hook]
          plugin: <module '_pytest.logging' from 'C:\\Users\\urikb\\Desktop\\qa_projects\\cenpp_project-dDIndagJ\\lib\\site-packages\\_pytest\\logging.py'>
          manager: <_pytest.config.PytestPluginManager object at 0x0000018D6CF6E3B0>
      finish pytest_plugin_registered --> [] [hook]
      pytest_plugin_registered [hook]
          plugin: <module '_pytest.reports' from 'C:\\Users\\urikb\\Desktop\\qa_projects\\cenpp_project-dDIndagJ\\lib\\site-packages\\_pytest\\reports.py'>
          manager: <_pytest.config.PytestPluginManager object at 0x0000018D6CF6E3B0>
      finish pytest_plugin_registered --> [] [hook]
      pytest_plugin_registered [hook]
          plugin: <module '_pytest.python_path' from 'C:\\Users\\urikb\\Desktop\\qa_projects\\cenpp_project-dDIndagJ\\lib\\site-packages\\_pytest\\python_path.py'>
          manager: <_pytest.config.PytestPluginManager object at 0x0000018D6CF6E3B0>
      finish pytest_plugin_registered --> [] [hook]
      pytest_plugin_registered [hook]
          plugin: <module '_pytest.unraisableexception' from 'C:\\Users\\urikb\\Desktop\\qa_projects\\cenpp_project-dDIndagJ\\lib\\site-packages\\_pytest\\unraisableexception.py'>
          manager: <_pytest.config.PytestPluginManager object at 0x0000018D6CF6E3B0>
      finish pytest_plugin_registered --> [] [hook]
      pytest_plugin_registered [hook]
          plugin: <module '_pytest.threadexception' from 'C:\\Users\\urikb\\Desktop\\qa_projects\\cenpp_project-dDIndagJ\\lib\\site-packages\\_pytest\\threadexception.py'>
          manager: <_pytest.config.PytestPluginManager object at 0x0000018D6CF6E3B0>
      finish pytest_plugin_registered --> [] [hook]
      pytest_plugin_registered [hook]
          plugin: <module '_pytest.faulthandler' from 'C:\\Users\\urikb\\Desktop\\qa_projects\\cenpp_project-dDIndagJ\\lib\\site-packages\\_pytest\\faulthandler.py'>
          manager: <_pytest.config.PytestPluginManager object at 0x0000018D6CF6E3B0>
      finish pytest_plugin_registered --> [] [hook]
      pytest_plugin_registered [hook]
          plugin: <module 'pytest_forked' from 'C:\\Users\\urikb\\Desktop\\qa_projects\\cenpp_project-dDIndagJ\\lib\\site-packages\\pytest_forked\\__init__.py'>
          manager: <_pytest.config.PytestPluginManager object at 0x0000018D6CF6E3B0>
      finish pytest_plugin_registered --> [] [hook]
      pytest_plugin_registered [hook]
          plugin: <module 'pytest_html.plugin' from 'C:\\Users\\urikb\\Desktop\\qa_projects\\cenpp_project-dDIndagJ\\lib\\site-packages\\pytest_html\\plugin.py'>
          manager: <_pytest.config.PytestPluginManager object at 0x0000018D6CF6E3B0>
      finish pytest_plugin_registered --> [] [hook]
      pytest_plugin_registered [hook]
          plugin: <module 'pytest_metadata.plugin' from 'C:\\Users\\urikb\\Desktop\\qa_projects\\cenpp_project-dDIndagJ\\lib\\site-packages\\pytest_metadata\\plugin.py'>
          manager: <_pytest.config.PytestPluginManager object at 0x0000018D6CF6E3B0>
      finish pytest_plugin_registered --> [] [hook]
      pytest_plugin_registered [hook]
          plugin: <module 'pytest_ordering' from 'C:\\Users\\urikb\\Desktop\\qa_projects\\cenpp_project-dDIndagJ\\lib\\site-packages\\pytest_ordering\\__init__.py'>
          manager: <_pytest.config.PytestPluginManager object at 0x0000018D6CF6E3B0>
      finish pytest_plugin_registered --> [] [hook]
      pytest_plugin_registered [hook]
          plugin: <module 'pytest_rerunfailures' from 'C:\\Users\\urikb\\Desktop\\qa_projects\\cenpp_project-dDIndagJ\\lib\\site-packages\\pytest_rerunfailures.py'>
          manager: <_pytest.config.PytestPluginManager object at 0x0000018D6CF6E3B0>
      finish pytest_plugin_registered --> [] [hook]
      pytest_plugin_registered [hook]
          plugin: <module 'xdist.plugin' from 'C:\\Users\\urikb\\Desktop\\qa_projects\\cenpp_project-dDIndagJ\\lib\\site-packages\\xdist\\plugin.py'>
          manager: <_pytest.config.PytestPluginManager object at 0x0000018D6CF6E3B0>
      finish pytest_plugin_registered --> [] [hook]
      pytest_plugin_registered [hook]
          plugin: <module 'xdist.looponfail' from 'C:\\Users\\urikb\\Desktop\\qa_projects\\cenpp_project-dDIndagJ\\lib\\site-packages\\xdist\\looponfail.py'>
          manager: <_pytest.config.PytestPluginManager object at 0x0000018D6CF6E3B0>
      finish pytest_plugin_registered --> [] [hook]
      pytest_plugin_registered [hook]
          plugin: <module 'seleniumbase.plugins.pytest_plugin' from 'C:\\Users\\urikb\\Desktop\\qa_projects\\cenpp_project-dDIndagJ\\lib\\site-packages\\seleniumbase\\plugins\\pytest_plugin.py'>
          manager: <_pytest.config.PytestPluginManager object at 0x0000018D6CF6E3B0>
      finish pytest_plugin_registered --> [] [hook]
      pytest_plugin_registered [hook]
          plugin: <module '_pytest.pytester' from 'C:\\Users\\urikb\\Desktop\\qa_projects\\cenpp_project-dDIndagJ\\lib\\site-packages\\_pytest\\pytester.py'>
          manager: <_pytest.config.PytestPluginManager object at 0x0000018D6CF6E3B0>
      finish pytest_plugin_registered --> [] [hook]
      pytest_plugin_registered [hook]
          plugin: <class '_pytest.legacypath.LegacyTestdirPlugin'>
          manager: <_pytest.config.PytestPluginManager object at 0x0000018D6CF6E3B0>
      finish pytest_plugin_registered --> [] [hook]
      pytest_plugin_registered [hook]
          plugin: <module '_pytest.pytester_assertions' from 'C:\\Users\\urikb\\Desktop\\qa_projects\\cenpp_project-dDIndagJ\\lib\\site-packages\\_pytest\\pytester_assertions.py'>
          manager: <_pytest.config.PytestPluginManager object at 0x0000018D6CF6E3B0>
      finish pytest_plugin_registered --> [] [hook]
      pytest_plugin_registered [hook]
          plugin: <CaptureManager _method='no' _global_capturing=<MultiCapture out=None err=None in_=None _state='suspended' _in_suspended=False> _capture_fixture=None>
          manager: <_pytest.config.PytestPluginManager object at 0x0000018D6CF6E3B0>
      finish pytest_plugin_registered --> [] [hook]
      pytest_plugin_registered [hook]
          plugin: <Session cenpp_project exitstatus=<ExitCode.OK: 0> testsfailed=0 testscollected=0>
          manager: <_pytest.config.PytestPluginManager object at 0x0000018D6CF6E3B0>
      finish pytest_plugin_registered --> [] [hook]
      pytest_plugin_registered [hook]
          plugin: <_pytest.cacheprovider.LFPlugin object at 0x0000018D6E1D0910>
          manager: <_pytest.config.PytestPluginManager object at 0x0000018D6CF6E3B0>
      finish pytest_plugin_registered --> [] [hook]
      pytest_plugin_registered [hook]
          plugin: <_pytest.cacheprovider.NFPlugin object at 0x0000018D73D44F40>
          manager: <_pytest.config.PytestPluginManager object at 0x0000018D6CF6E3B0>
      finish pytest_plugin_registered --> [] [hook]
      pytest_plugin_registered [hook]
          plugin: <class '_pytest.legacypath.LegacyTmpdirPlugin'>
          manager: <_pytest.config.PytestPluginManager object at 0x0000018D6CF6E3B0>
      finish pytest_plugin_registered --> [] [hook]
      pytest_plugin_registered [hook]
          plugin: <_pytest.terminal.TerminalReporter object at 0x0000018D73D44CA0>
          manager: <_pytest.config.PytestPluginManager object at 0x0000018D6CF6E3B0>
      finish pytest_plugin_registered --> [] [hook]
      pytest_plugin_registered [hook]
          plugin: <_pytest.logging.LoggingPlugin object at 0x0000018D73D46EF0>
          manager: <_pytest.config.PytestPluginManager object at 0x0000018D6CF6E3B0>
      finish pytest_plugin_registered --> [] [hook]
    finish pytest_configure --> [] [hook]
    pytest_sessionstart [hook]
        session: <Session cenpp_project exitstatus=<ExitCode.OK: 0> testsfailed=0 testscollected=0>
      pytest_plugin_registered [hook]
          plugin: <_pytest.config.PytestPluginManager object at 0x0000018D6CF6E3B0>
          manager: <_pytest.config.PytestPluginManager object at 0x0000018D6CF6E3B0>
      finish pytest_plugin_registered --> [] [hook]
      pytest_plugin_registered [hook]
          plugin: <_pytest.config.Config object at 0x0000018D6E0DE770>
          manager: <_pytest.config.PytestPluginManager object at 0x0000018D6CF6E3B0>
      finish pytest_plugin_registered --> [] [hook]
      pytest_plugin_registered [hook]
          plugin: <module '_pytest.mark' from 'C:\\Users\\urikb\\Desktop\\qa_projects\\cenpp_project-dDIndagJ\\lib\\site-packages\\_pytest\\mark\\__init__.py'>
          manager: <_pytest.config.PytestPluginManager object at 0x0000018D6CF6E3B0>
      finish pytest_plugin_registered --> [] [hook]
      pytest_plugin_registered [hook]
          plugin: <module '_pytest.main' from 'C:\\Users\\urikb\\Desktop\\qa_projects\\cenpp_project-dDIndagJ\\lib\\site-packages\\_pytest\\main.py'>
          manager: <_pytest.config.PytestPluginManager object at 0x0000018D6CF6E3B0>
      finish pytest_plugin_registered --> [] [hook]
      pytest_plugin_registered [hook]
          plugin: <module '_pytest.runner' from 'C:\\Users\\urikb\\Desktop\\qa_projects\\cenpp_project-dDIndagJ\\lib\\site-packages\\_pytest\\runner.py'>
          manager: <_pytest.config.PytestPluginManager object at 0x0000018D6CF6E3B0>
      finish pytest_plugin_registered --> [] [hook]
      pytest_plugin_registered [hook]
          plugin: <module '_pytest.fixtures' from 'C:\\Users\\urikb\\Desktop\\qa_projects\\cenpp_project-dDIndagJ\\lib\\site-packages\\_pytest\\fixtures.py'>
          manager: <_pytest.config.PytestPluginManager object at 0x0000018D6CF6E3B0>
      finish pytest_plugin_registered --> [] [hook]
      pytest_plugin_registered [hook]
          plugin: <module '_pytest.helpconfig' from 'C:\\Users\\urikb\\Desktop\\qa_projects\\cenpp_project-dDIndagJ\\lib\\site-packages\\_pytest\\helpconfig.py'>
          manager: <_pytest.config.PytestPluginManager object at 0x0000018D6CF6E3B0>
      finish pytest_plugin_registered --> [] [hook]
      pytest_plugin_registered [hook]
          plugin: <module '_pytest.python' from 'C:\\Users\\urikb\\Desktop\\qa_projects\\cenpp_project-dDIndagJ\\lib\\site-packages\\_pytest\\python.py'>
          manager: <_pytest.config.PytestPluginManager object at 0x0000018D6CF6E3B0>
      finish pytest_plugin_registered --> [] [hook]
      pytest_plugin_registered [hook]
          plugin: <module '_pytest.terminal' from 'C:\\Users\\urikb\\Desktop\\qa_projects\\cenpp_project-dDIndagJ\\lib\\site-packages\\_pytest\\terminal.py'>
          manager: <_pytest.config.PytestPluginManager object at 0x0000018D6CF6E3B0>
      finish pytest_plugin_registered --> [] [hook]
      pytest_plugin_registered [hook]
          plugin: <module '_pytest.debugging' from 'C:\\Users\\urikb\\Desktop\\qa_projects\\cenpp_project-dDIndagJ\\lib\\site-packages\\_pytest\\debugging.py'>
          manager: <_pytest.config.PytestPluginManager object at 0x0000018D6CF6E3B0>
      finish pytest_plugin_registered --> [] [hook]
      pytest_plugin_registered [hook]
          plugin: <module '_pytest.unittest' from 'C:\\Users\\urikb\\Desktop\\qa_projects\\cenpp_project-dDIndagJ\\lib\\site-packages\\_pytest\\unittest.py'>
          manager: <_pytest.config.PytestPluginManager object at 0x0000018D6CF6E3B0>
      finish pytest_plugin_registered --> [] [hook]
      pytest_plugin_registered [hook]
          plugin: <module '_pytest.capture' from 'C:\\Users\\urikb\\Desktop\\qa_projects\\cenpp_project-dDIndagJ\\lib\\site-packages\\_pytest\\capture.py'>
          manager: <_pytest.config.PytestPluginManager object at 0x0000018D6CF6E3B0>
      finish pytest_plugin_registered --> [] [hook]
      pytest_plugin_registered [hook]
          plugin: <module '_pytest.skipping' from 'C:\\Users\\urikb\\Desktop\\qa_projects\\cenpp_project-dDIndagJ\\lib\\site-packages\\_pytest\\skipping.py'>
          manager: <_pytest.config.PytestPluginManager object at 0x0000018D6CF6E3B0>
      finish pytest_plugin_registered --> [] [hook]
      pytest_plugin_registered [hook]
          plugin: <module '_pytest.legacypath' from 'C:\\Users\\urikb\\Desktop\\qa_projects\\cenpp_project-dDIndagJ\\lib\\site-packages\\_pytest\\legacypath.py'>
          manager: <_pytest.config.PytestPluginManager object at 0x0000018D6CF6E3B0>
      finish pytest_plugin_registered --> [] [hook]
      pytest_plugin_registered [hook]
          plugin: <module '_pytest.tmpdir' from 'C:\\Users\\urikb\\Desktop\\qa_projects\\cenpp_project-dDIndagJ\\lib\\site-packages\\_pytest\\tmpdir.py'>
          manager: <_pytest.config.PytestPluginManager object at 0x0000018D6CF6E3B0>
      finish pytest_plugin_registered --> [] [hook]
      pytest_plugin_registered [hook]
          plugin: <module '_pytest.monkeypatch' from 'C:\\Users\\urikb\\Desktop\\qa_projects\\cenpp_project-dDIndagJ\\lib\\site-packages\\_pytest\\monkeypatch.py'>
          manager: <_pytest.config.PytestPluginManager object at 0x0000018D6CF6E3B0>
      finish pytest_plugin_registered --> [] [hook]
      pytest_plugin_registered [hook]
          plugin: <module '_pytest.recwarn' from 'C:\\Users\\urikb\\Desktop\\qa_projects\\cenpp_project-dDIndagJ\\lib\\site-packages\\_pytest\\recwarn.py'>
          manager: <_pytest.config.PytestPluginManager object at 0x0000018D6CF6E3B0>
      finish pytest_plugin_registered --> [] [hook]
      pytest_plugin_registered [hook]
          plugin: <module '_pytest.pastebin' from 'C:\\Users\\urikb\\Desktop\\qa_projects\\cenpp_project-dDIndagJ\\lib\\site-packages\\_pytest\\pastebin.py'>
          manager: <_pytest.config.PytestPluginManager object at 0x0000018D6CF6E3B0>
      finish pytest_plugin_registered --> [] [hook]
      pytest_plugin_registered [hook]
          plugin: <module '_pytest.nose' from 'C:\\Users\\urikb\\Desktop\\qa_projects\\cenpp_project-dDIndagJ\\lib\\site-packages\\_pytest\\nose.py'>
          manager: <_pytest.config.PytestPluginManager object at 0x0000018D6CF6E3B0>
      finish pytest_plugin_registered --> [] [hook]
      pytest_plugin_registered [hook]
          plugin: <module '_pytest.assertion' from 'C:\\Users\\urikb\\Desktop\\qa_projects\\cenpp_project-dDIndagJ\\lib\\site-packages\\_pytest\\assertion\\__init__.py'>
          manager: <_pytest.config.PytestPluginManager object at 0x0000018D6CF6E3B0>
      finish pytest_plugin_registered --> [] [hook]
      pytest_plugin_registered [hook]
          plugin: <module '_pytest.junitxml' from 'C:\\Users\\urikb\\Desktop\\qa_projects\\cenpp_project-dDIndagJ\\lib\\site-packages\\_pytest\\junitxml.py'>
          manager: <_pytest.config.PytestPluginManager object at 0x0000018D6CF6E3B0>
      finish pytest_plugin_registered --> [] [hook]
      pytest_plugin_registered [hook]
          plugin: <module '_pytest.doctest' from 'C:\\Users\\urikb\\Desktop\\qa_projects\\cenpp_project-dDIndagJ\\lib\\site-packages\\_pytest\\doctest.py'>
          manager: <_pytest.config.PytestPluginManager object at 0x0000018D6CF6E3B0>
      finish pytest_plugin_registered --> [] [hook]
      pytest_plugin_registered [hook]
          plugin: <module '_pytest.cacheprovider' from 'C:\\Users\\urikb\\Desktop\\qa_projects\\cenpp_project-dDIndagJ\\lib\\site-packages\\_pytest\\cacheprovider.py'>
          manager: <_pytest.config.PytestPluginManager object at 0x0000018D6CF6E3B0>
      finish pytest_plugin_registered --> [] [hook]
      pytest_plugin_registered [hook]
          plugin: <module '_pytest.freeze_support' from 'C:\\Users\\urikb\\Desktop\\qa_projects\\cenpp_project-dDIndagJ\\lib\\site-packages\\_pytest\\freeze_support.py'>
          manager: <_pytest.config.PytestPluginManager object at 0x0000018D6CF6E3B0>
      finish pytest_plugin_registered --> [] [hook]
      pytest_plugin_registered [hook]
          plugin: <module '_pytest.setuponly' from 'C:\\Users\\urikb\\Desktop\\qa_projects\\cenpp_project-dDIndagJ\\lib\\site-packages\\_pytest\\setuponly.py'>
          manager: <_pytest.config.PytestPluginManager object at 0x0000018D6CF6E3B0>
      finish pytest_plugin_registered --> [] [hook]
      pytest_plugin_registered [hook]
          plugin: <module '_pytest.setupplan' from 'C:\\Users\\urikb\\Desktop\\qa_projects\\cenpp_project-dDIndagJ\\lib\\site-packages\\_pytest\\setupplan.py'>
          manager: <_pytest.config.PytestPluginManager object at 0x0000018D6CF6E3B0>
      finish pytest_plugin_registered --> [] [hook]
      pytest_plugin_registered [hook]
          plugin: <module '_pytest.stepwise' from 'C:\\Users\\urikb\\Desktop\\qa_projects\\cenpp_project-dDIndagJ\\lib\\site-packages\\_pytest\\stepwise.py'>
          manager: <_pytest.config.PytestPluginManager object at 0x0000018D6CF6E3B0>
      finish pytest_plugin_registered --> [] [hook]
      pytest_plugin_registered [hook]
          plugin: <module '_pytest.warnings' from 'C:\\Users\\urikb\\Desktop\\qa_projects\\cenpp_project-dDIndagJ\\lib\\site-packages\\_pytest\\warnings.py'>
          manager: <_pytest.config.PytestPluginManager object at 0x0000018D6CF6E3B0>
      finish pytest_plugin_registered --> [] [hook]
      pytest_plugin_registered [hook]
          plugin: <module '_pytest.logging' from 'C:\\Users\\urikb\\Desktop\\qa_projects\\cenpp_project-dDIndagJ\\lib\\site-packages\\_pytest\\logging.py'>
          manager: <_pytest.config.PytestPluginManager object at 0x0000018D6CF6E3B0>
      finish pytest_plugin_registered --> [] [hook]
      pytest_plugin_registered [hook]
          plugin: <module '_pytest.reports' from 'C:\\Users\\urikb\\Desktop\\qa_projects\\cenpp_project-dDIndagJ\\lib\\site-packages\\_pytest\\reports.py'>
          manager: <_pytest.config.PytestPluginManager object at 0x0000018D6CF6E3B0>
      finish pytest_plugin_registered --> [] [hook]
      pytest_plugin_registered [hook]
          plugin: <module '_pytest.python_path' from 'C:\\Users\\urikb\\Desktop\\qa_projects\\cenpp_project-dDIndagJ\\lib\\site-packages\\_pytest\\python_path.py'>
          manager: <_pytest.config.PytestPluginManager object at 0x0000018D6CF6E3B0>
      finish pytest_plugin_registered --> [] [hook]
      pytest_plugin_registered [hook]
          plugin: <module '_pytest.unraisableexception' from 'C:\\Users\\urikb\\Desktop\\qa_projects\\cenpp_project-dDIndagJ\\lib\\site-packages\\_pytest\\unraisableexception.py'>
          manager: <_pytest.config.PytestPluginManager object at 0x0000018D6CF6E3B0>
      finish pytest_plugin_registered --> [] [hook]
      pytest_plugin_registered [hook]
          plugin: <module '_pytest.threadexception' from 'C:\\Users\\urikb\\Desktop\\qa_projects\\cenpp_project-dDIndagJ\\lib\\site-packages\\_pytest\\threadexception.py'>
          manager: <_pytest.config.PytestPluginManager object at 0x0000018D6CF6E3B0>
      finish pytest_plugin_registered --> [] [hook]
      pytest_plugin_registered [hook]
          plugin: <module '_pytest.faulthandler' from 'C:\\Users\\urikb\\Desktop\\qa_projects\\cenpp_project-dDIndagJ\\lib\\site-packages\\_pytest\\faulthandler.py'>
          manager: <_pytest.config.PytestPluginManager object at 0x0000018D6CF6E3B0>
      finish pytest_plugin_registered --> [] [hook]
      pytest_plugin_registered [hook]
          plugin: <module 'pytest_forked' from 'C:\\Users\\urikb\\Desktop\\qa_projects\\cenpp_project-dDIndagJ\\lib\\site-packages\\pytest_forked\\__init__.py'>
          manager: <_pytest.config.PytestPluginManager object at 0x0000018D6CF6E3B0>
      finish pytest_plugin_registered --> [] [hook]
      pytest_plugin_registered [hook]
          plugin: <module 'pytest_html.plugin' from 'C:\\Users\\urikb\\Desktop\\qa_projects\\cenpp_project-dDIndagJ\\lib\\site-packages\\pytest_html\\plugin.py'>
          manager: <_pytest.config.PytestPluginManager object at 0x0000018D6CF6E3B0>
      finish pytest_plugin_registered --> [] [hook]
      pytest_plugin_registered [hook]
          plugin: <module 'pytest_metadata.plugin' from 'C:\\Users\\urikb\\Desktop\\qa_projects\\cenpp_project-dDIndagJ\\lib\\site-packages\\pytest_metadata\\plugin.py'>
          manager: <_pytest.config.PytestPluginManager object at 0x0000018D6CF6E3B0>
      finish pytest_plugin_registered --> [] [hook]
      pytest_plugin_registered [hook]
          plugin: <module 'pytest_ordering' from 'C:\\Users\\urikb\\Desktop\\qa_projects\\cenpp_project-dDIndagJ\\lib\\site-packages\\pytest_ordering\\__init__.py'>
          manager: <_pytest.config.PytestPluginManager object at 0x0000018D6CF6E3B0>
      finish pytest_plugin_registered --> [] [hook]
      pytest_plugin_registered [hook]
          plugin: <module 'pytest_rerunfailures' from 'C:\\Users\\urikb\\Desktop\\qa_projects\\cenpp_project-dDIndagJ\\lib\\site-packages\\pytest_rerunfailures.py'>
          manager: <_pytest.config.PytestPluginManager object at 0x0000018D6CF6E3B0>
      finish pytest_plugin_registered --> [] [hook]
      pytest_plugin_registered [hook]
          plugin: <module 'xdist.plugin' from 'C:\\Users\\urikb\\Desktop\\qa_projects\\cenpp_project-dDIndagJ\\lib\\site-packages\\xdist\\plugin.py'>
          manager: <_pytest.config.PytestPluginManager object at 0x0000018D6CF6E3B0>
      finish pytest_plugin_registered --> [] [hook]
      pytest_plugin_registered [hook]
          plugin: <module 'xdist.looponfail' from 'C:\\Users\\urikb\\Desktop\\qa_projects\\cenpp_project-dDIndagJ\\lib\\site-packages\\xdist\\looponfail.py'>
          manager: <_pytest.config.PytestPluginManager object at 0x0000018D6CF6E3B0>
      finish pytest_plugin_registered --> [] [hook]
      pytest_plugin_registered [hook]
          plugin: <module 'seleniumbase.plugins.pytest_plugin' from 'C:\\Users\\urikb\\Desktop\\qa_projects\\cenpp_project-dDIndagJ\\lib\\site-packages\\seleniumbase\\plugins\\pytest_plugin.py'>
          manager: <_pytest.config.PytestPluginManager object at 0x0000018D6CF6E3B0>
      finish pytest_plugin_registered --> [] [hook]
      pytest_plugin_registered [hook]
          plugin: <module '_pytest.pytester' from 'C:\\Users\\urikb\\Desktop\\qa_projects\\cenpp_project-dDIndagJ\\lib\\site-packages\\_pytest\\pytester.py'>
          manager: <_pytest.config.PytestPluginManager object at 0x0000018D6CF6E3B0>
      finish pytest_plugin_registered --> [] [hook]
      pytest_plugin_registered [hook]
          plugin: <class '_pytest.legacypath.LegacyTestdirPlugin'>
          manager: <_pytest.config.PytestPluginManager object at 0x0000018D6CF6E3B0>
      finish pytest_plugin_registered --> [] [hook]
      pytest_plugin_registered [hook]
          plugin: <module '_pytest.pytester_assertions' from 'C:\\Users\\urikb\\Desktop\\qa_projects\\cenpp_project-dDIndagJ\\lib\\site-packages\\_pytest\\pytester_assertions.py'>
          manager: <_pytest.config.PytestPluginManager object at 0x0000018D6CF6E3B0>
      finish pytest_plugin_registered --> [] [hook]
      pytest_plugin_registered [hook]
          plugin: <CaptureManager _method='no' _global_capturing=<MultiCapture out=None err=None in_=None _state='suspended' _in_suspended=False> _capture_fixture=None>
          manager: <_pytest.config.PytestPluginManager object at 0x0000018D6CF6E3B0>
      finish pytest_plugin_registered --> [] [hook]
      pytest_plugin_registered [hook]
          plugin: <Session cenpp_project exitstatus=<ExitCode.OK: 0> testsfailed=0 testscollected=0>
          manager: <_pytest.config.PytestPluginManager object at 0x0000018D6CF6E3B0>
      finish pytest_plugin_registered --> [] [hook]
      pytest_plugin_registered [hook]
          plugin: <_pytest.cacheprovider.LFPlugin object at 0x0000018D6E1D0910>
          manager: <_pytest.config.PytestPluginManager object at 0x0000018D6CF6E3B0>
      finish pytest_plugin_registered --> [] [hook]
      pytest_plugin_registered [hook]
          plugin: <_pytest.cacheprovider.NFPlugin object at 0x0000018D73D44F40>
          manager: <_pytest.config.PytestPluginManager object at 0x0000018D6CF6E3B0>
      finish pytest_plugin_registered --> [] [hook]
      pytest_plugin_registered [hook]
          plugin: <class '_pytest.legacypath.LegacyTmpdirPlugin'>
          manager: <_pytest.config.PytestPluginManager object at 0x0000018D6CF6E3B0>
      finish pytest_plugin_registered --> [] [hook]
      pytest_plugin_registered [hook]
          plugin: <_pytest.terminal.TerminalReporter object at 0x0000018D73D44CA0>
          manager: <_pytest.config.PytestPluginManager object at 0x0000018D6CF6E3B0>
      finish pytest_plugin_registered --> [] [hook]
      pytest_plugin_registered [hook]
          plugin: <_pytest.logging.LoggingPlugin object at 0x0000018D73D46EF0>
          manager: <_pytest.config.PytestPluginManager object at 0x0000018D6CF6E3B0>
      finish pytest_plugin_registered --> [] [hook]
      pytest_plugin_registered [hook]
          plugin: <_pytest.fixtures.FixtureManager object at 0x0000018D73D45060>
          manager: <_pytest.config.PytestPluginManager object at 0x0000018D6CF6E3B0>
      finish pytest_plugin_registered --> [] [hook]
      pytest_report_header [hook]
          config: <_pytest.config.Config object at 0x0000018D6E0DE770>
          start_path: C:\Users\urikb\Desktop\qa_projects\cenpp_project
          startdir: C:\Users\urikb\Desktop\qa_projects\cenpp_project
      finish pytest_report_header --> [['rootdir: C:\\Users\\urikb\\Desktop\\qa_projects\\cenpp_project', 'plugins: forked-1.4.0, html-2.0.1, metadata-2.0.2, ordering-0.6, rerunfailures-10.2, xdist-2.5.0, seleniumbase-4.4.2'], "metadata: {'Python': '3.10.2', 'Platform': 'Windows-10-10.0.19044-SP0', 'Packages': {'pytest': '7.1.3', 'py': '1.11.0', 'pluggy': '1.0.0'}, 'Plugins': {'forked': '1.4.0', 'html': '2.0.1', 'metadata': '2.0.2', 'ordering': '0.6', 'rerunfailures': '10.2', 'xdist': '2.5.0', 'seleniumbase': '4.4.2'}, 'JAVA_HOME': 'D:\\\\openjdk-15+36_windows-x64_bin\\\\jdk-15'}", 'cachedir: .pytest_cache', ['using: pytest-7.1.3', 'setuptools registered plugins:', '  pytest-forked-1.4.0 at C:\\Users\\urikb\\Desktop\\qa_projects\\cenpp_project-dDIndagJ\\lib\\site-packages\\pytest_forked\\__init__.py', '  pytest-html-2.0.1 at C:\\Users\\urikb\\Desktop\\qa_projects\\cenpp_project-dDIndagJ\\lib\\site-packages\\pytest_html\\plugin.py', '  pytest-metadata-2.0.2 at C:\\Users\\urikb\\Desktop\\qa_projects\\cenpp_project-dDIndagJ\\lib\\site-packages\\pytest_metadata\\plugin.py', '  pytest-ordering-0.6 at C:\\Users\\urikb\\Desktop\\qa_projects\\cenpp_project-dDIndagJ\\lib\\site-packages\\pytest_ordering\\__init__.py', '  pytest-rerunfailures-10.2 at C:\\Users\\urikb\\Desktop\\qa_projects\\cenpp_project-dDIndagJ\\lib\\site-packages\\pytest_rerunfailures.py', '  pytest-xdist-2.5.0 at C:\\Users\\urikb\\Desktop\\qa_projects\\cenpp_project-dDIndagJ\\lib\\site-packages\\xdist\\plugin.py', '  pytest-xdist-2.5.0 at C:\\Users\\urikb\\Desktop\\qa_projects\\cenpp_project-dDIndagJ\\lib\\site-packages\\xdist\\looponfail.py', '  seleniumbase-4.4.2 at C:\\Users\\urikb\\Desktop\\qa_projects\\cenpp_project-dDIndagJ\\lib\\site-packages\\seleniumbase\\plugins\\pytest_plugin.py']] [hook]
    finish pytest_sessionstart --> [] [hook]
    pytest_collection [hook]
        session: <Session cenpp_project exitstatus=<ExitCode.OK: 0> testsfailed=0 testscollected=0>
    perform_collect <Session cenpp_project exitstatus=<ExitCode.OK: 0> testsfailed=0 testscollected=0> ['C:\\Users\\urikb\\Desktop\\qa_projects\\cenpp_project'] [collection]
        pytest_collectstart [hook]
            collector: <Session cenpp_project exitstatus=<ExitCode.OK: 0> testsfailed=0 testscollected=0>
        finish pytest_collectstart --> [] [hook]
        pytest_make_collect_report [hook]
            collector: <Session cenpp_project exitstatus=<ExitCode.OK: 0> testsfailed=0 testscollected=0>
        processing argument (WindowsPath('C:/Users/urikb/Desktop/qa_projects/cenpp_project'), []) [collection]
            pytest_ignore_collect [hook]
                config: <_pytest.config.Config object at 0x0000018D6E0DE770>
                collection_path: C:\Users\urikb\Desktop\qa_projects\cenpp_project\Pipfile
                path: C:\Users\urikb\Desktop\qa_projects\cenpp_project\Pipfile
            finish pytest_ignore_collect --> None [hook]
            pytest_collect_file [hook]
                parent: <Session cenpp_project exitstatus=<ExitCode.OK: 0> testsfailed=0 testscollected=0>
                file_path: C:\Users\urikb\Desktop\qa_projects\cenpp_project\Pipfile
                path: C:\Users\urikb\Desktop\qa_projects\cenpp_project\Pipfile
            finish pytest_collect_file --> [] [hook]
            pytest_ignore_collect [hook]
                config: <_pytest.config.Config object at 0x0000018D6E0DE770>
                collection_path: C:\Users\urikb\Desktop\qa_projects\cenpp_project\Pipfile.lock
                path: C:\Users\urikb\Desktop\qa_projects\cenpp_project\Pipfile.lock
            finish pytest_ignore_collect --> None [hook]
            pytest_collect_file [hook]
                parent: <Session cenpp_project exitstatus=<ExitCode.OK: 0> testsfailed=0 testscollected=0>
                file_path: C:\Users\urikb\Desktop\qa_projects\cenpp_project\Pipfile.lock
                path: C:\Users\urikb\Desktop\qa_projects\cenpp_project\Pipfile.lock
            finish pytest_collect_file --> [] [hook]
            pytest_ignore_collect [hook]
                config: <_pytest.config.Config object at 0x0000018D6E0DE770>
                collection_path: C:\Users\urikb\Desktop\qa_projects\cenpp_project\pytestdebug.log
                path: C:\Users\urikb\Desktop\qa_projects\cenpp_project\pytestdebug.log
            finish pytest_ignore_collect --> None [hook]
            pytest_collect_file [hook]
                parent: <Session cenpp_project exitstatus=<ExitCode.OK: 0> testsfailed=0 testscollected=0>
                file_path: C:\Users\urikb\Desktop\qa_projects\cenpp_project\pytestdebug.log
                path: C:\Users\urikb\Desktop\qa_projects\cenpp_project\pytestdebug.log
            finish pytest_collect_file --> [] [hook]
            pytest_ignore_collect [hook]
                config: <_pytest.config.Config object at 0x0000018D6E0DE770>
                collection_path: C:\Users\urikb\Desktop\qa_projects\cenpp_project\.git
                path: C:\Users\urikb\Desktop\qa_projects\cenpp_project\.git
            finish pytest_ignore_collect --> None [hook]
            pytest_ignore_collect [hook]
                config: <_pytest.config.Config object at 0x0000018D6E0DE770>
                collection_path: C:\Users\urikb\Desktop\qa_projects\cenpp_project\.idea
                path: C:\Users\urikb\Desktop\qa_projects\cenpp_project\.idea
            finish pytest_ignore_collect --> None [hook]
            pytest_ignore_collect [hook]
                config: <_pytest.config.Config object at 0x0000018D6E0DE770>
                collection_path: C:\Users\urikb\Desktop\qa_projects\cenpp_project\.pytest_cache
                path: C:\Users\urikb\Desktop\qa_projects\cenpp_project\.pytest_cache
            finish pytest_ignore_collect --> None [hook]
            pytest_ignore_collect [hook]
                config: <_pytest.config.Config object at 0x0000018D6E0DE770>
                collection_path: C:\Users\urikb\Desktop\qa_projects\cenpp_project\archived_logs
                path: C:\Users\urikb\Desktop\qa_projects\cenpp_project\archived_logs
            finish pytest_ignore_collect --> None [hook]
            pytest_ignore_collect [hook]
                config: <_pytest.config.Config object at 0x0000018D6E0DE770>
                collection_path: C:\Users\urikb\Desktop\qa_projects\cenpp_project\latest_logs
                path: C:\Users\urikb\Desktop\qa_projects\cenpp_project\latest_logs
            finish pytest_ignore_collect --> None [hook]
            pytest_ignore_collect [hook]
                config: <_pytest.config.Config object at 0x0000018D6E0DE770>
                collection_path: C:\Users\urikb\Desktop\qa_projects\cenpp_project\pages
                path: C:\Users\urikb\Desktop\qa_projects\cenpp_project\pages
            finish pytest_ignore_collect --> None [hook]
            pytest_ignore_collect [hook]
                config: <_pytest.config.Config object at 0x0000018D6E0DE770>
                collection_path: C:\Users\urikb\Desktop\qa_projects\cenpp_project\pages\__init__.py
                path: C:\Users\urikb\Desktop\qa_projects\cenpp_project\pages\__init__.py
            finish pytest_ignore_collect --> None [hook]
            pytest_collect_file [hook]
                parent: <Session cenpp_project exitstatus=<ExitCode.OK: 0> testsfailed=0 testscollected=0>
                file_path: C:\Users\urikb\Desktop\qa_projects\cenpp_project\pages\__init__.py
                path: C:\Users\urikb\Desktop\qa_projects\cenpp_project\pages\__init__.py
              pytest_pycollect_makemodule [hook]
                  parent: <Session cenpp_project exitstatus=<ExitCode.OK: 0> testsfailed=0 testscollected=0>
                  module_path: C:\Users\urikb\Desktop\qa_projects\cenpp_project\pages\__init__.py
                  path: C:\Users\urikb\Desktop\qa_projects\cenpp_project\pages\__init__.py
              finish pytest_pycollect_makemodule --> <Package pages> [hook]
            finish pytest_collect_file --> [<Package pages>] [hook]
            pytest_ignore_collect [hook]
                config: <_pytest.config.Config object at 0x0000018D6E0DE770>
                collection_path: C:\Users\urikb\Desktop\qa_projects\cenpp_project\tests
                path: C:\Users\urikb\Desktop\qa_projects\cenpp_project\tests
            finish pytest_ignore_collect --> None [hook]
            pytest_ignore_collect [hook]
                config: <_pytest.config.Config object at 0x0000018D6E0DE770>
                collection_path: C:\Users\urikb\Desktop\qa_projects\cenpp_project\tests\__init__.py
                path: C:\Users\urikb\Desktop\qa_projects\cenpp_project\tests\__init__.py
            finish pytest_ignore_collect --> None [hook]
            pytest_collect_file [hook]
                parent: <Session cenpp_project exitstatus=<ExitCode.OK: 0> testsfailed=0 testscollected=0>
                file_path: C:\Users\urikb\Desktop\qa_projects\cenpp_project\tests\__init__.py
                path: C:\Users\urikb\Desktop\qa_projects\cenpp_project\tests\__init__.py
              pytest_pycollect_makemodule [hook]
                  parent: <Session cenpp_project exitstatus=<ExitCode.OK: 0> testsfailed=0 testscollected=0>
                  module_path: C:\Users\urikb\Desktop\qa_projects\cenpp_project\tests\__init__.py
                  path: C:\Users\urikb\Desktop\qa_projects\cenpp_project\tests\__init__.py
              finish pytest_pycollect_makemodule --> <Package tests> [hook]
            finish pytest_collect_file --> [<Package tests>] [hook]
        finish pytest_make_collect_report --> <CollectReport '' lenresult=2 outcome='passed'> [hook]
        pytest_collectreport [hook]
            report: <CollectReport '' lenresult=2 outcome='passed'>
        finish pytest_collectreport --> [] [hook]
    genitems <Package pages> [collection]
      pytest_collectstart [hook]
          collector: <Package pages>
      finish pytest_collectstart --> [] [hook]
      pytest_make_collect_report [hook]
          collector: <Package pages>
        pytest_ignore_collect [hook]
            config: <_pytest.config.Config object at 0x0000018D6E0DE770>
            collection_path: C:\Users\urikb\Desktop\qa_projects\cenpp_project\pages\landing_page.py
            path: C:\Users\urikb\Desktop\qa_projects\cenpp_project\pages\landing_page.py
        finish pytest_ignore_collect --> None [hook]
        pytest_collect_file [hook]
            parent: <Package pages>
            file_path: C:\Users\urikb\Desktop\qa_projects\cenpp_project\pages\landing_page.py
            path: C:\Users\urikb\Desktop\qa_projects\cenpp_project\pages\landing_page.py
        finish pytest_collect_file --> [] [hook]
      finish pytest_make_collect_report --> <CollectReport 'pages/__init__.py' lenresult=0 outcome='passed'> [hook]
      pytest_collectreport [hook]
          report: <CollectReport 'pages/__init__.py' lenresult=0 outcome='passed'>
      finish pytest_collectreport --> [] [hook]
    genitems <Package tests> [collection]
      pytest_collectstart [hook]
          collector: <Package tests>
      finish pytest_collectstart --> [] [hook]
      pytest_make_collect_report [hook]
          collector: <Package tests>
        pytest_ignore_collect [hook]
            config: <_pytest.config.Config object at 0x0000018D6E0DE770>
            collection_path: C:\Users\urikb\Desktop\qa_projects\cenpp_project\tests\test_homepage.py
            path: C:\Users\urikb\Desktop\qa_projects\cenpp_project\tests\test_homepage.py
        finish pytest_ignore_collect --> None [hook]
        pytest_collect_file [hook]
            parent: <Package tests>
            file_path: C:\Users\urikb\Desktop\qa_projects\cenpp_project\tests\test_homepage.py
            path: C:\Users\urikb\Desktop\qa_projects\cenpp_project\tests\test_homepage.py
          pytest_pycollect_makemodule [hook]
              parent: <Package tests>
              module_path: C:\Users\urikb\Desktop\qa_projects\cenpp_project\tests\test_homepage.py
              path: C:\Users\urikb\Desktop\qa_projects\cenpp_project\tests\test_homepage.py
          finish pytest_pycollect_makemodule --> <Module test_homepage.py> [hook]
        finish pytest_collect_file --> [<Module test_homepage.py>] [hook]
      finish pytest_make_collect_report --> <CollectReport 'tests/__init__.py' lenresult=1 outcome='passed'> [hook]
    genitems <Module test_homepage.py> [collection]
      pytest_collectstart [hook]
          collector: <Module test_homepage.py>
      finish pytest_collectstart --> [] [hook]
      pytest_make_collect_report [hook]
          collector: <Module test_homepage.py>
      early skip of rewriting module: tests [assertion]
      find_module called for: tests.test_homepage [assertion]
      matched test file 'C:\\Users\\urikb\\Desktop\\qa_projects\\cenpp_project\\tests\\test_homepage.py' [assertion]
      rewriting WindowsPath('C:/Users/urikb/Desktop/qa_projects/cenpp_project/tests/test_homepage.py') [assertion]
      early skip of rewriting module: pages [assertion]
      early skip of rewriting module: pages.landing_page [assertion]
        pytest_pycollect_makeitem [hook]
            collector: <Module test_homepage.py>
            name: @py_builtins
            obj: <module 'builtins' (built-in)>
        finish pytest_pycollect_makeitem --> None [hook]
        pytest_pycollect_makeitem [hook]
            collector: <Module test_homepage.py>
            name: @pytest_ar
            obj: <module '_pytest.assertion.rewrite' from 'C:\\Users\\urikb\\Desktop\\qa_projects\\cenpp_project-dDIndagJ\\lib\\site-packages\\_pytest\\assertion\\rewrite.py'>
        finish pytest_pycollect_makeitem --> None [hook]
        pytest_pycollect_makeitem [hook]
            collector: <Module test_homepage.py>
            name: BaseCase
            obj: <class 'seleniumbase.fixtures.base_case.BaseCase'>
        finish pytest_pycollect_makeitem --> <UnitTestCase BaseCase> [hook]
        pytest_pycollect_makeitem [hook]
            collector: <Module test_homepage.py>
            name: LandingPage
            obj: <class 'pages.landing_page.LandingPage'>
        finish pytest_pycollect_makeitem --> None [hook]
        pytest_pycollect_makeitem [hook]
            collector: <Module test_homepage.py>
            name: HomePage
            obj: <class 'tests.test_homepage.HomePage'>
        finish pytest_pycollect_makeitem --> <UnitTestCase HomePage> [hook]
      finish pytest_make_collect_report --> <CollectReport 'tests/test_homepage.py' lenresult=2 outcome='passed'> [hook]
    genitems <UnitTestCase BaseCase> [collection]
      pytest_collectstart [hook]
          collector: <UnitTestCase BaseCase>
      finish pytest_collectstart --> [] [hook]
      pytest_make_collect_report [hook]
          collector: <UnitTestCase BaseCase>
      finish pytest_make_collect_report --> <CollectReport 'tests/test_homepage.py::BaseCase' lenresult=0 outcome='passed'> [hook]
      pytest_collectreport [hook]
          report: <CollectReport 'tests/test_homepage.py::BaseCase' lenresult=0 outcome='passed'>
      finish pytest_collectreport --> [] [hook]
    genitems <UnitTestCase HomePage> [collection]
      pytest_collectstart [hook]
          collector: <UnitTestCase HomePage>
      finish pytest_collectstart --> [] [hook]
      pytest_make_collect_report [hook]
          collector: <UnitTestCase HomePage>
      finish pytest_make_collect_report --> <CollectReport 'tests/test_homepage.py::HomePage' lenresult=1 outcome='passed'> [hook]
    genitems <TestCaseFunction test_client_login> [collection]
      pytest_itemcollected [hook]
          item: <TestCaseFunction test_client_login>
      finish pytest_itemcollected --> [] [hook]
      pytest_collectreport [hook]
          report: <CollectReport 'tests/test_homepage.py::HomePage' lenresult=1 outcome='passed'>
      finish pytest_collectreport --> [] [hook]
      pytest_collectreport [hook]
          report: <CollectReport 'tests/test_homepage.py' lenresult=2 outcome='passed'>
      finish pytest_collectreport --> [] [hook]
      pytest_collectreport [hook]
          report: <CollectReport 'tests/__init__.py' lenresult=1 outcome='passed'>
      finish pytest_collectreport --> [] [hook]
      pytest_collection_modifyitems [hook]
          session: <Session cenpp_project exitstatus=<ExitCode.OK: 0> testsfailed=0 testscollected=0>
          config: <_pytest.config.Config object at 0x0000018D6E0DE770>
          items: [<TestCaseFunction test_client_login>]
      finish pytest_collection_modifyitems --> [] [hook]
      pytest_collection_finish [hook]
          session: <Session cenpp_project exitstatus=<ExitCode.OK: 0> testsfailed=0 testscollected=0>
        pytest_report_collectionfinish [hook]
            config: <_pytest.config.Config object at 0x0000018D6E0DE770>
            items: [<TestCaseFunction test_client_login>]
            start_path: C:\Users\urikb\Desktop\qa_projects\cenpp_project
            startdir: C:\Users\urikb\Desktop\qa_projects\cenpp_project
        finish pytest_report_collectionfinish --> [] [hook]
      finish pytest_collection_finish --> [] [hook]
    finish pytest_collection --> None [hook]
    pytest_runtestloop [hook]
        session: <Session cenpp_project exitstatus=<ExitCode.OK: 0> testsfailed=0 testscollected=1>
      pytest_runtest_protocol [hook]
          item: <TestCaseFunction test_client_login>
          nextitem: None
        pytest_runtest_logstart [hook]
            nodeid: tests/test_homepage.py::HomePage::test_client_login
            location: ('tests\\test_homepage.py', 6, 'HomePage.test_client_login')
        finish pytest_runtest_logstart --> [] [hook]
        pytest_runtest_setup [hook]
            item: <TestCaseFunction test_client_login>
          pytest_fixture_setup [hook]
              fixturedef: <FixtureDef argname='_unittest_setUpClass_fixture_HomePage' scope='class' baseid='tests/test_homepage.py::HomePage'>
              request: <SubRequest '_unittest_setUpClass_fixture_HomePage' for <TestCaseFunction test_client_login>>
          finish pytest_fixture_setup --> None [hook]
        finish pytest_runtest_setup --> [] [hook]
        pytest_runtest_makereport [hook]
            item: <TestCaseFunction test_client_login>
            call: <CallInfo when='setup' result: []>
        finish pytest_runtest_makereport --> <TestReport 'tests/test_homepage.py::HomePage::test_client_login' when='setup' outcome='passed'> [hook]
        pytest_runtest_logreport [hook]
            report: <TestReport 'tests/test_homepage.py::HomePage::test_client_login' when='setup' outcome='passed'>
          pytest_report_teststatus [hook]
              report: <TestReport 'tests/test_homepage.py::HomePage::test_client_login' when='setup' outcome='passed'>
              config: <_pytest.config.Config object at 0x0000018D6E0DE770>
          finish pytest_report_teststatus --> ('', '', '') [hook]
        finish pytest_runtest_logreport --> [] [hook]
        pytest_runtest_call [hook]
            item: <TestCaseFunction test_client_login>
        finish pytest_runtest_call --> [] [hook]
        pytest_runtest_makereport [hook]
            item: <TestCaseFunction test_client_login>
            call: <CallInfo when='call' result: []>
        finish pytest_runtest_makereport --> <TestReport 'tests/test_homepage.py::HomePage::test_client_login' when='call' outcome='failed'> [hook]
        pytest_runtest_logreport [hook]
            report: <TestReport 'tests/test_homepage.py::HomePage::test_client_login' when='call' outcome='failed'>
          pytest_report_teststatus [hook]
              report: <TestReport 'tests/test_homepage.py::HomePage::test_client_login' when='call' outcome='failed'>
              config: <_pytest.config.Config object at 0x0000018D6E0DE770>
          finish pytest_report_teststatus --> ('failed', 'F', 'FAILED') [hook]
        finish pytest_runtest_logreport --> [] [hook]
        pytest_exception_interact [hook]
            node: <TestCaseFunction test_client_login>
            call: <CallInfo when='call' excinfo=<ExceptionInfo Exception('Invalid selector type: "<class \'selenium.webdriver.remote.webelement.WebElement\'>"\nExpecting a selector of type: "<class \'str\'>" (string)!') tblen=4>>
            report: <TestReport 'tests/test_homepage.py::HomePage::test_client_login' when='call' outcome='failed'>
        finish pytest_exception_interact --> [] [hook]
        pytest_runtest_teardown [hook]
            item: <TestCaseFunction test_client_login>
            nextitem: None
          pytest_fixture_post_finalizer [hook]
              fixturedef: <FixtureDef argname='_unittest_setUpClass_fixture_HomePage' scope='class' baseid='tests/test_homepage.py::HomePage'>
              request: <SubRequest '_unittest_setUpClass_fixture_HomePage' for <TestCaseFunction test_client_login>>
          finish pytest_fixture_post_finalizer --> [] [hook]
        finish pytest_runtest_teardown --> [] [hook]
        pytest_runtest_makereport [hook]
            item: <TestCaseFunction test_client_login>
            call: <CallInfo when='teardown' result: []>
        finish pytest_runtest_makereport --> <TestReport 'tests/test_homepage.py::HomePage::test_client_login' when='teardown' outcome='passed'> [hook]
        pytest_runtest_logreport [hook]
            report: <TestReport 'tests/test_homepage.py::HomePage::test_client_login' when='teardown' outcome='passed'>
          pytest_report_teststatus [hook]
              report: <TestReport 'tests/test_homepage.py::HomePage::test_client_login' when='teardown' outcome='passed'>
              config: <_pytest.config.Config object at 0x0000018D6E0DE770>
          finish pytest_report_teststatus --> ('', '', '') [hook]
        finish pytest_runtest_logreport --> [] [hook]
        pytest_runtest_logfinish [hook]
            nodeid: tests/test_homepage.py::HomePage::test_client_login
            location: ('tests\\test_homepage.py', 6, 'HomePage.test_client_login')
        finish pytest_runtest_logfinish --> [] [hook]
      finish pytest_runtest_protocol --> True [hook]
    finish pytest_runtestloop --> True [hook]
    pytest_sessionfinish [hook]
        session: <Session cenpp_project exitstatus=<ExitCode.TESTS_FAILED: 1> testsfailed=1 testscollected=1>
        exitstatus: 1
      pytest_terminal_summary [hook]
          terminalreporter: <_pytest.terminal.TerminalReporter object at 0x0000018D73D44CA0>
          exitstatus: 1
          config: <_pytest.config.Config object at 0x0000018D6E0DE770>
      early skip of rewriting module: pygments [assertion]
      early skip of rewriting module: pygments.formatters [assertion]
      early skip of rewriting module: pygments.formatters._mapping [assertion]
      early skip of rewriting module: pygments.plugin [assertion]
      early skip of rewriting module: pygments.util [assertion]
      early skip of rewriting module: pygments.formatters.terminal [assertion]
      early skip of rewriting module: pygments.formatter [assertion]
      early skip of rewriting module: pygments.styles [assertion]
      early skip of rewriting module: pygments.token [assertion]
      early skip of rewriting module: pygments.console [assertion]
      early skip of rewriting module: pygments.lexers [assertion]
      early skip of rewriting module: pygments.lexers._mapping [assertion]
      early skip of rewriting module: pygments.modeline [assertion]
      early skip of rewriting module: pygments.lexers.python [assertion]
      early skip of rewriting module: pygments.lexer [assertion]
      early skip of rewriting module: pygments.filter [assertion]
      early skip of rewriting module: pygments.filters [assertion]
      early skip of rewriting module: pygments.regexopt [assertion]
      early skip of rewriting module: pygments.unistring [assertion]
        pytest_report_teststatus [hook]
            report: <TestReport 'tests/test_homepage.py::HomePage::test_client_login' when='call' outcome='failed'>
            config: <_pytest.config.Config object at 0x0000018D6E0DE770>
        finish pytest_report_teststatus --> ('failed', 'F', 'FAILED') [hook]
      finish pytest_terminal_summary --> [] [hook]
    finish pytest_sessionfinish --> [] [hook]
    pytest_unconfigure [hook]
        config: <_pytest.config.Config object at 0x0000018D6E0DE770>
    finish pytest_unconfigure --> [] [hook]
